<?xml version="1.0" encoding="UTF-8"?>
<!-- Generated by org.testng.reporters.JUnitReportReporter -->
<testsuite hostname="DESKTOP-LEFU94L" name="com.test.assignment.UITestCase.SignInTest" tests="1" failures="0" timestamp="10 Jul 2018 21:30:21 GMT" time="19.601" errors="0">
  <testcase name="signInTest" time="19.601" classname="com.test.assignment.UITestCase.SignInTest"/>
</testsuite> <!-- com.test.assignment.UITestCase.SignInTest -->
