<?xml version="1.0" encoding="UTF-8"?>
<!-- Generated by org.testng.reporters.JUnitReportReporter -->
<testsuite hostname="DESKTOP-LEFU94L" name="com.test.assignment.UITestCase.LoginTest" tests="1" failures="0" timestamp="10 Jul 2018 18:39:19 GMT" time="16.107" errors="0">
  <testcase name="loginTest" time="16.107" classname="com.test.assignment.UITestCase.LoginTest"/>
</testsuite> <!-- com.test.assignment.UITestCase.LoginTest -->
