<?xml version="1.0" encoding="UTF-8"?>
<!-- Generated by org.testng.reporters.JUnitReportReporter -->
<testsuite hostname="DESKTOP-LEFU94L" name="com.test.assignment.UITestCase.CheckoutTest" tests="1" failures="0" timestamp="10 Jul 2018 20:23:19 GMT" time="30.131" errors="0">
  <testcase name="checkOutTest" time="30.131" classname="com.test.assignment.UITestCase.CheckoutTest"/>
</testsuite> <!-- com.test.assignment.UITestCase.CheckoutTest -->
